appended 1,6,38715830 to equalruns.csv
appended 2,6,45926017 to equalruns.csv
appended 3,6,52686203 to equalruns.csv
appended 4,6,60372573 to equalruns.csv
appended 5,6,68092123 to equalruns.csv
appended 1,6,38790345 to equalruns.csv
appended 2,6,45588245 to equalruns.csv
appended 3,6,52371207 to equalruns.csv
appended 4,6,59786559 to equalruns.csv
appended 5,6,66805135 to equalruns.csv
appended 1,6,38720321 to equalruns.csv
appended 2,6,45369245 to equalruns.csv
appended 3,6,52517440 to equalruns.csv
appended 4,6,61454657 to equalruns.csv
appended 5,6,65969450 to equalruns.csv
appended 1,6,38737835 to equalruns.csv
appended 2,6,45927776 to equalruns.csv
appended 3,6,52756431 to equalruns.csv
appended 4,6,60036608 to equalruns.csv
appended 5,6,66773689 to equalruns.csv
appended 1,6,38657300 to equalruns.csv
appended 2,6,46297115 to equalruns.csv
appended 3,6,52383028 to equalruns.csv
appended 4,6,61425001 to equalruns.csv
appended 5,6,68502299 to equalruns.csv
appended 1,6,39327841 to equalruns.csv
appended 2,6,45454167 to equalruns.csv
appended 3,6,52857589 to equalruns.csv
appended 4,6,60539882 to equalruns.csv
appended 5,6,67471296 to equalruns.csv
appended 1,6,39007080 to equalruns.csv
appended 2,6,45712420 to equalruns.csv
appended 3,6,52550197 to equalruns.csv
appended 4,6,60542999 to equalruns.csv
appended 5,6,67736086 to equalruns.csv
appended 1,6,38811937 to equalruns.csv
appended 2,6,46112585 to equalruns.csv
appended 3,6,53400432 to equalruns.csv
appended 4,6,59258099 to equalruns.csv
appended 5,6,67176354 to equalruns.csv
appended 1,6,38745742 to equalruns.csv
appended 2,6,45982734 to equalruns.csv
appended 3,6,52778542 to equalruns.csv
appended 4,6,60211054 to equalruns.csv
appended 5,6,67069015 to equalruns.csv
appended 1,6,38696406 to equalruns.csv
appended 2,6,46013387 to equalruns.csv
appended 3,6,52247522 to equalruns.csv
appended 4,6,59719717 to equalruns.csv
appended 5,6,67217118 to equalruns.csv
appended 1,6,38710615 to equalruns.csv
appended 2,6,45576288 to equalruns.csv
appended 3,6,53146222 to equalruns.csv
appended 4,6,62017297 to equalruns.csv
appended 5,6,67556892 to equalruns.csv
appended 1,6,38614456 to equalruns.csv
appended 2,6,46140374 to equalruns.csv
appended 3,6,53335862 to equalruns.csv
appended 4,6,60076444 to equalruns.csv
appended 5,6,67564036 to equalruns.csv
appended 1,6,39438372 to equalruns.csv
appended 2,6,46104574 to equalruns.csv
appended 3,6,53626937 to equalruns.csv
appended 4,6,61332449 to equalruns.csv
appended 5,6,67387306 to equalruns.csv
appended 1,6,39264368 to equalruns.csv
appended 2,6,47018064 to equalruns.csv
appended 3,6,52641135 to equalruns.csv
appended 4,6,60324403 to equalruns.csv
appended 5,6,68073108 to equalruns.csv
appended 1,6,40153045 to equalruns.csv
appended 2,6,46118238 to equalruns.csv
appended 3,6,52814197 to equalruns.csv
appended 4,6,60133660 to equalruns.csv
appended 5,6,66727667 to equalruns.csv
appended 1,6,38880610 to equalruns.csv
appended 2,6,46003845 to equalruns.csv
appended 3,6,52975772 to equalruns.csv
appended 4,6,60894881 to equalruns.csv
appended 5,6,67098268 to equalruns.csv
appended 1,6,38677227 to equalruns.csv
appended 2,6,45946062 to equalruns.csv
appended 3,6,52844049 to equalruns.csv
appended 4,6,60023167 to equalruns.csv
appended 5,6,67110008 to equalruns.csv
appended 1,6,38660062 to equalruns.csv
appended 2,6,45718848 to equalruns.csv
appended 3,6,52599995 to equalruns.csv
appended 4,6,59591405 to equalruns.csv
appended 5,6,67000815 to equalruns.csv
appended 1,6,38835055 to equalruns.csv
appended 2,6,46234865 to equalruns.csv
appended 3,6,52244778 to equalruns.csv
appended 4,6,60224365 to equalruns.csv
appended 5,6,67659911 to equalruns.csv
appended 1,6,38793741 to equalruns.csv
appended 2,6,45972988 to equalruns.csv
appended 3,6,52786974 to equalruns.csv
appended 4,6,59914361 to equalruns.csv
appended 5,6,67590522 to equalruns.csv
appended 1,6,38960846 to equalruns.csv
appended 2,6,45718726 to equalruns.csv
appended 3,6,52513821 to equalruns.csv
appended 4,6,59580893 to equalruns.csv
appended 5,6,66783354 to equalruns.csv
appended 1,6,38870911 to equalruns.csv
appended 2,6,46187434 to equalruns.csv
appended 3,6,52362685 to equalruns.csv
appended 4,6,60075432 to equalruns.csv
appended 5,6,67368321 to equalruns.csv
appended 1,6,38931471 to equalruns.csv
appended 2,6,46177062 to equalruns.csv
appended 3,6,52562071 to equalruns.csv
appended 4,6,59744626 to equalruns.csv
appended 5,6,67305021 to equalruns.csv
appended 1,6,38948630 to equalruns.csv
appended 2,6,45522739 to equalruns.csv
appended 3,6,52430742 to equalruns.csv
appended 4,6,59750418 to equalruns.csv
appended 5,6,67276870 to equalruns.csv
appended 1,6,38848020 to equalruns.csv
appended 2,6,46003051 to equalruns.csv
appended 3,6,52685741 to equalruns.csv
appended 4,6,60212172 to equalruns.csv
appended 5,6,66731623 to equalruns.csv
appended 1,6,39125077 to equalruns.csv
appended 2,6,45808919 to equalruns.csv
appended 3,6,53202768 to equalruns.csv
appended 4,6,60283092 to equalruns.csv
appended 5,6,67236019 to equalruns.csv
appended 1,6,38784944 to equalruns.csv
appended 2,6,46085056 to equalruns.csv
appended 3,6,52317970 to equalruns.csv
appended 4,6,59728187 to equalruns.csv
appended 5,6,66859670 to equalruns.csv
appended 1,6,38597981 to equalruns.csv
appended 2,6,45883034 to equalruns.csv
appended 3,6,52925531 to equalruns.csv
appended 4,6,59606780 to equalruns.csv
appended 5,6,67404610 to equalruns.csv
appended 1,6,38332999 to equalruns.csv
appended 2,6,46219921 to equalruns.csv
appended 3,6,51841917 to equalruns.csv
appended 4,6,60360883 to equalruns.csv
appended 5,6,66844059 to equalruns.csv
appended 1,6,38777239 to equalruns.csv
appended 2,6,45262571 to equalruns.csv
appended 3,6,51623369 to equalruns.csv
appended 4,6,59628610 to equalruns.csv
appended 5,6,66698307 to equalruns.csv
appended 1,6,38762418 to equalruns.csv
appended 2,6,45799758 to equalruns.csv
appended 3,6,51863130 to equalruns.csv
appended 4,6,60015505 to equalruns.csv
appended 5,6,67269260 to equalruns.csv
appended 1,6,40283377 to equalruns.csv
appended 2,6,45422572 to equalruns.csv
appended 3,6,52143703 to equalruns.csv
appended 4,6,59676731 to equalruns.csv
appended 5,6,66692625 to equalruns.csv
appended 1,6,38367429 to equalruns.csv
appended 2,6,46005980 to equalruns.csv
appended 3,6,52809332 to equalruns.csv
appended 4,6,60396529 to equalruns.csv
appended 5,6,67224714 to equalruns.csv
appended 1,6,38663769 to equalruns.csv
appended 2,6,46027715 to equalruns.csv
appended 3,6,52461548 to equalruns.csv
appended 4,6,59586279 to equalruns.csv
appended 5,6,67117213 to equalruns.csv
appended 1,6,38766446 to equalruns.csv
appended 2,6,47788708 to equalruns.csv
appended 3,6,54701880 to equalruns.csv
appended 4,6,62994793 to equalruns.csv
appended 5,6,69174337 to equalruns.csv
appended 1,6,39350484 to equalruns.csv
appended 2,6,45439417 to equalruns.csv
appended 3,6,53985912 to equalruns.csv
appended 4,6,59465227 to equalruns.csv
appended 5,6,67510353 to equalruns.csv
appended 1,6,39069383 to equalruns.csv
appended 2,6,47286463 to equalruns.csv
appended 3,6,52293415 to equalruns.csv
appended 4,6,59905738 to equalruns.csv
appended 5,6,67125570 to equalruns.csv
appended 1,6,38770650 to equalruns.csv
appended 2,6,45854606 to equalruns.csv
appended 3,6,52674788 to equalruns.csv
appended 4,6,60460524 to equalruns.csv
appended 5,6,67330861 to equalruns.csv
appended 1,6,38962573 to equalruns.csv
appended 2,6,47827409 to equalruns.csv
appended 3,6,53628703 to equalruns.csv
appended 4,6,60448057 to equalruns.csv
appended 5,6,68012810 to equalruns.csv
appended 1,6,38576841 to equalruns.csv
appended 2,6,46097682 to equalruns.csv
appended 3,6,52877334 to equalruns.csv
appended 4,6,59312073 to equalruns.csv
appended 5,6,68533617 to equalruns.csv
appended 1,6,38732106 to equalruns.csv
appended 2,6,46027337 to equalruns.csv
appended 3,6,52881039 to equalruns.csv
appended 4,6,59669585 to equalruns.csv
appended 5,6,66430352 to equalruns.csv
appended 1,6,38474178 to equalruns.csv
appended 2,6,45430862 to equalruns.csv
appended 3,6,51912986 to equalruns.csv
appended 4,6,60468518 to equalruns.csv
appended 5,6,66724205 to equalruns.csv
appended 1,6,38731959 to equalruns.csv
appended 2,6,46297596 to equalruns.csv
appended 3,6,52141645 to equalruns.csv
appended 4,6,59806793 to equalruns.csv
appended 5,6,67460912 to equalruns.csv
appended 1,6,38731130 to equalruns.csv
appended 2,6,45448510 to equalruns.csv
appended 3,6,52870077 to equalruns.csv
appended 4,6,58750107 to equalruns.csv
appended 5,6,66841909 to equalruns.csv
appended 1,6,38748709 to equalruns.csv
appended 2,6,46365472 to equalruns.csv
appended 3,6,52733205 to equalruns.csv
appended 4,6,60191978 to equalruns.csv
appended 5,6,67276219 to equalruns.csv
appended 1,6,38729500 to equalruns.csv
appended 2,6,45891371 to equalruns.csv
appended 3,6,52220420 to equalruns.csv
appended 4,6,59927438 to equalruns.csv
appended 5,6,66316711 to equalruns.csv
appended 1,6,38602545 to equalruns.csv
appended 2,6,45975052 to equalruns.csv
appended 3,6,52074833 to equalruns.csv
appended 4,6,59625681 to equalruns.csv
appended 5,6,67261606 to equalruns.csv
appended 1,6,38516587 to equalruns.csv
appended 2,6,45282900 to equalruns.csv
appended 3,6,52737828 to equalruns.csv
appended 4,6,59917721 to equalruns.csv
appended 5,6,67229752 to equalruns.csv
appended 1,6,39019380 to equalruns.csv
appended 2,6,45767072 to equalruns.csv
appended 3,6,52627721 to equalruns.csv
appended 4,6,59306851 to equalruns.csv
appended 5,6,67163350 to equalruns.csv
appended 1,6,39070794 to equalruns.csv
appended 2,6,45777555 to equalruns.csv
appended 3,6,52085405 to equalruns.csv
appended 4,6,60104975 to equalruns.csv
appended 5,6,66157459 to equalruns.csv
appended 1,6,38541972 to equalruns.csv
appended 2,6,45666017 to equalruns.csv
appended 3,6,52445546 to equalruns.csv
appended 4,6,60033769 to equalruns.csv
appended 5,6,66219239 to equalruns.csv
appended 1,6,38727638 to equalruns.csv
appended 2,6,46193286 to equalruns.csv
appended 3,6,54830416 to equalruns.csv
appended 4,6,59366827 to equalruns.csv
appended 5,6,67266286 to equalruns.csv
appended 1,6,38603511 to equalruns.csv
appended 2,6,45710171 to equalruns.csv
appended 3,6,52016649 to equalruns.csv
appended 4,6,59722276 to equalruns.csv
appended 5,6,66952512 to equalruns.csv
appended 1,6,38757483 to equalruns.csv
appended 2,6,45178590 to equalruns.csv
appended 3,6,53012086 to equalruns.csv
appended 4,6,59877369 to equalruns.csv
appended 5,6,66925244 to equalruns.csv
appended 1,6,38465031 to equalruns.csv
appended 2,6,46111391 to equalruns.csv
appended 3,6,52125933 to equalruns.csv
appended 4,6,59844938 to equalruns.csv
appended 5,6,66977004 to equalruns.csv
appended 1,6,38570844 to equalruns.csv
appended 2,6,45571012 to equalruns.csv
appended 3,6,52656784 to equalruns.csv
appended 4,6,60189013 to equalruns.csv
appended 5,6,67504107 to equalruns.csv
appended 1,6,38801394 to equalruns.csv
appended 2,6,45637255 to equalruns.csv
appended 3,6,52315207 to equalruns.csv
appended 4,6,60044119 to equalruns.csv
appended 5,6,66631808 to equalruns.csv
appended 1,6,38810743 to equalruns.csv
appended 2,6,45567305 to equalruns.csv
appended 3,6,52861526 to equalruns.csv
appended 4,6,60522078 to equalruns.csv
appended 5,6,67439892 to equalruns.csv
appended 1,6,38751615 to equalruns.csv
appended 2,6,45700002 to equalruns.csv
appended 3,6,52340985 to equalruns.csv
appended 4,6,60657794 to equalruns.csv
appended 5,6,66591809 to equalruns.csv
appended 1,6,38747984 to equalruns.csv
appended 2,6,45672678 to equalruns.csv
appended 3,6,53172128 to equalruns.csv
appended 4,6,59902099 to equalruns.csv
appended 5,6,66739346 to equalruns.csv
appended 1,6,38895664 to equalruns.csv
appended 2,6,45888407 to equalruns.csv
appended 3,6,52636586 to equalruns.csv
appended 4,6,59849128 to equalruns.csv
appended 5,6,67100749 to equalruns.csv
appended 1,6,38915067 to equalruns.csv
appended 2,6,45509506 to equalruns.csv
appended 3,6,52688553 to equalruns.csv
appended 4,6,60123854 to equalruns.csv
appended 5,6,66911143 to equalruns.csv
appended 1,6,38693719 to equalruns.csv
appended 2,6,45775615 to equalruns.csv
appended 3,6,52530638 to equalruns.csv
appended 4,6,59826332 to equalruns.csv
appended 5,6,67126625 to equalruns.csv
appended 1,6,38679166 to equalruns.csv
appended 2,6,46080532 to equalruns.csv
appended 3,6,52535554 to equalruns.csv
appended 4,6,59537582 to equalruns.csv
appended 5,6,67423133 to equalruns.csv
appended 1,6,38691603 to equalruns.csv
appended 2,6,45840202 to equalruns.csv
appended 3,6,52385514 to equalruns.csv
appended 4,6,60164156 to equalruns.csv
appended 5,6,66741734 to equalruns.csv
appended 1,6,38725651 to equalruns.csv
appended 2,6,46860675 to equalruns.csv
appended 3,6,52202738 to equalruns.csv
appended 4,6,60396695 to equalruns.csv
appended 5,6,66819881 to equalruns.csv
appended 1,6,38519747 to equalruns.csv
appended 2,6,46011813 to equalruns.csv
appended 3,6,53162166 to equalruns.csv
appended 4,6,60277695 to equalruns.csv
appended 5,6,67183208 to equalruns.csv
appended 1,6,38714526 to equalruns.csv
appended 2,6,45720668 to equalruns.csv
appended 3,6,52554402 to equalruns.csv
appended 4,6,59908740 to equalruns.csv
appended 5,6,66708054 to equalruns.csv
appended 1,6,38729541 to equalruns.csv
appended 2,6,45455309 to equalruns.csv
appended 3,6,51927989 to equalruns.csv
appended 4,6,59737058 to equalruns.csv
appended 5,6,67262717 to equalruns.csv
appended 1,6,38807260 to equalruns.csv
appended 2,6,45927113 to equalruns.csv
appended 3,6,53182729 to equalruns.csv
appended 4,6,59880432 to equalruns.csv
appended 5,6,66728030 to equalruns.csv
appended 1,6,38671574 to equalruns.csv
appended 2,6,46121037 to equalruns.csv
appended 3,6,52829022 to equalruns.csv
appended 4,6,59859223 to equalruns.csv
appended 5,6,67137555 to equalruns.csv
appended 1,6,38745642 to equalruns.csv
appended 2,6,46281368 to equalruns.csv
appended 3,6,52588046 to equalruns.csv
appended 4,6,60409012 to equalruns.csv
appended 5,6,69064879 to equalruns.csv
appended 1,6,38764722 to equalruns.csv
appended 2,6,45671954 to equalruns.csv
appended 3,6,52863171 to equalruns.csv
appended 4,6,60319600 to equalruns.csv
appended 5,6,67435747 to equalruns.csv
appended 1,6,38683892 to equalruns.csv
appended 2,6,45725773 to equalruns.csv
appended 3,6,52581209 to equalruns.csv
appended 4,6,60553370 to equalruns.csv
appended 5,6,67553848 to equalruns.csv
appended 1,6,39022388 to equalruns.csv
appended 2,6,46192744 to equalruns.csv
appended 3,6,52957432 to equalruns.csv
appended 4,6,59467044 to equalruns.csv
appended 5,6,67655541 to equalruns.csv
appended 1,6,38721356 to equalruns.csv
appended 2,6,45903255 to equalruns.csv
appended 3,6,52840833 to equalruns.csv
appended 4,6,60323246 to equalruns.csv
appended 5,6,66383633 to equalruns.csv
appended 1,6,38797393 to equalruns.csv
appended 2,6,45758912 to equalruns.csv
appended 3,6,52283519 to equalruns.csv
appended 4,6,59554992 to equalruns.csv
appended 5,6,66944175 to equalruns.csv
appended 1,6,38772056 to equalruns.csv
appended 2,6,46067140 to equalruns.csv
appended 3,6,52117275 to equalruns.csv
appended 4,6,59849877 to equalruns.csv
appended 5,6,66837366 to equalruns.csv
appended 1,6,39136171 to equalruns.csv
appended 2,6,46103251 to equalruns.csv
appended 3,6,52871733 to equalruns.csv
appended 4,6,60467354 to equalruns.csv
appended 5,6,66774086 to equalruns.csv
appended 1,6,39141994 to equalruns.csv
appended 2,6,45939858 to equalruns.csv
appended 3,6,52987215 to equalruns.csv
appended 4,6,59780042 to equalruns.csv
appended 5,6,67168396 to equalruns.csv
appended 1,6,38900241 to equalruns.csv
appended 2,6,46023081 to equalruns.csv
appended 3,6,53034530 to equalruns.csv
appended 4,6,60231262 to equalruns.csv
appended 5,6,67066489 to equalruns.csv
appended 1,6,38584499 to equalruns.csv
appended 2,6,46190977 to equalruns.csv
appended 3,6,53079119 to equalruns.csv
appended 4,6,59866061 to equalruns.csv
appended 5,6,67231565 to equalruns.csv
appended 1,6,38796349 to equalruns.csv
appended 2,6,46076064 to equalruns.csv
appended 3,6,52431367 to equalruns.csv
appended 4,6,60173129 to equalruns.csv
appended 5,6,67152876 to equalruns.csv
appended 1,6,38850231 to equalruns.csv
appended 2,6,45881118 to equalruns.csv
appended 3,6,52643730 to equalruns.csv
appended 4,6,59449674 to equalruns.csv
appended 5,6,67236677 to equalruns.csv
appended 1,6,38619101 to equalruns.csv
appended 2,6,45321345 to equalruns.csv
appended 3,6,53218268 to equalruns.csv
appended 4,6,60125760 to equalruns.csv
appended 5,6,67351529 to equalruns.csv
appended 1,6,38610741 to equalruns.csv
appended 2,6,45361026 to equalruns.csv
appended 3,6,52303560 to equalruns.csv
appended 4,6,60177662 to equalruns.csv
appended 5,6,67156710 to equalruns.csv
appended 1,6,38596298 to equalruns.csv
appended 2,6,46036627 to equalruns.csv
appended 3,6,52457779 to equalruns.csv
appended 4,6,60369148 to equalruns.csv
appended 5,6,66856361 to equalruns.csv
appended 1,6,38620397 to equalruns.csv
appended 2,6,46117638 to equalruns.csv
appended 3,6,52780354 to equalruns.csv
appended 4,6,59820328 to equalruns.csv
appended 5,6,67354209 to equalruns.csv
appended 1,6,38724948 to equalruns.csv
appended 2,6,45742704 to equalruns.csv
appended 3,6,53533346 to equalruns.csv
appended 4,6,60089227 to equalruns.csv
appended 5,6,66429168 to equalruns.csv
appended 1,6,38455245 to equalruns.csv
appended 2,6,46061521 to equalruns.csv
appended 3,6,52109043 to equalruns.csv
appended 4,6,59441556 to equalruns.csv
appended 5,6,66505348 to equalruns.csv
appended 1,6,39142404 to equalruns.csv
appended 2,6,45624024 to equalruns.csv
appended 3,6,52477307 to equalruns.csv
appended 4,6,59322762 to equalruns.csv
appended 5,6,67615157 to equalruns.csv
appended 1,6,38536917 to equalruns.csv
appended 2,6,45785278 to equalruns.csv
appended 3,6,52723230 to equalruns.csv
appended 4,6,59755286 to equalruns.csv
appended 5,6,66963217 to equalruns.csv
appended 1,6,38410856 to equalruns.csv
appended 2,6,47242396 to equalruns.csv
appended 3,6,53277379 to equalruns.csv
appended 4,6,59439748 to equalruns.csv
appended 5,6,67189399 to equalruns.csv
appended 1,6,38500850 to equalruns.csv
appended 2,6,45807741 to equalruns.csv
appended 3,6,52336605 to equalruns.csv
appended 4,6,59945657 to equalruns.csv
appended 5,6,66684064 to equalruns.csv
appended 1,6,38405333 to equalruns.csv
appended 2,6,45710019 to equalruns.csv
appended 3,6,52631957 to equalruns.csv
appended 4,6,60150509 to equalruns.csv
appended 5,6,66484052 to equalruns.csv
appended 1,6,38656459 to equalruns.csv
appended 2,6,46015534 to equalruns.csv
appended 3,6,53207841 to equalruns.csv
appended 4,6,60657132 to equalruns.csv
appended 5,6,66375320 to equalruns.csv
appended 1,6,38339209 to equalruns.csv
appended 2,6,46026312 to equalruns.csv
appended 3,6,52972522 to equalruns.csv
appended 4,6,59958159 to equalruns.csv
appended 5,6,66672896 to equalruns.csv
appended 1,6,38520009 to equalruns.csv
appended 2,6,46146054 to equalruns.csv
appended 3,6,52515958 to equalruns.csv
appended 4,6,59430549 to equalruns.csv
appended 5,6,67049771 to equalruns.csv
appended 1,6,38607248 to equalruns.csv
appended 2,6,46176662 to equalruns.csv
appended 3,6,52861814 to equalruns.csv
appended 4,6,59359074 to equalruns.csv
appended 5,6,66707155 to equalruns.csv
appended 1,6,38763695 to equalruns.csv
appended 2,6,45478828 to equalruns.csv
appended 3,6,52739099 to equalruns.csv
appended 4,6,60646403 to equalruns.csv
appended 5,6,66573063 to equalruns.csv
appended 1,6,38403393 to equalruns.csv
appended 2,6,45764843 to equalruns.csv
appended 3,6,52245561 to equalruns.csv
appended 4,6,59916332 to equalruns.csv
appended 5,6,67367553 to equalruns.csv
appended 1,6,38654514 to equalruns.csv
appended 2,6,45812791 to equalruns.csv
appended 3,6,52871096 to equalruns.csv
appended 4,6,60275936 to equalruns.csv
appended 5,6,67560305 to equalruns.csv
appended 1,6,38442251 to equalruns.csv
appended 2,6,45841611 to equalruns.csv
appended 3,6,53055424 to equalruns.csv
appended 4,6,60574091 to equalruns.csv
appended 5,6,66521883 to equalruns.csv
appended 1,6,39001065 to equalruns.csv
appended 2,6,45758226 to equalruns.csv
appended 3,6,52830663 to equalruns.csv
appended 4,6,59122884 to equalruns.csv
appended 5,6,67256386 to equalruns.csv
appended 1,6,38673532 to equalruns.csv
appended 2,6,45808019 to equalruns.csv
appended 3,6,52386894 to equalruns.csv
appended 4,6,59898685 to equalruns.csv
appended 5,6,67223618 to equalruns.csv
appended 1,6,38298648 to equalruns.csv
appended 2,6,45489831 to equalruns.csv
appended 3,6,52770790 to equalruns.csv
appended 4,6,60029157 to equalruns.csv
appended 5,6,66909925 to equalruns.csv
appended 1,6,38790526 to equalruns.csv
appended 2,6,46013579 to equalruns.csv
appended 3,6,52944224 to equalruns.csv
appended 4,6,59374321 to equalruns.csv
appended 5,6,66660583 to equalruns.csv
appended 1,6,38329972 to equalruns.csv
appended 2,6,45661614 to equalruns.csv
appended 3,6,53028461 to equalruns.csv
appended 4,6,59709049 to equalruns.csv
appended 5,6,67386965 to equalruns.csv
appended 1,6,38465998 to equalruns.csv
appended 2,6,45653582 to equalruns.csv
appended 3,6,52232052 to equalruns.csv
appended 4,6,59372566 to equalruns.csv
appended 5,6,67037593 to equalruns.csv
appended 1,6,38320918 to equalruns.csv
appended 2,6,45997756 to equalruns.csv
appended 3,6,53070667 to equalruns.csv
appended 4,6,60390595 to equalruns.csv
appended 5,6,67137170 to equalruns.csv
appended 1,6,38385715 to equalruns.csv
appended 2,6,46254780 to equalruns.csv
appended 3,6,52395042 to equalruns.csv
appended 4,6,59628663 to equalruns.csv
appended 5,6,66757852 to equalruns.csv
appended 1,6,38829238 to equalruns.csv
appended 2,6,45772563 to equalruns.csv
appended 3,6,52563239 to equalruns.csv
appended 4,6,59922353 to equalruns.csv
appended 5,6,66742471 to equalruns.csv
appended 1,6,38417699 to equalruns.csv
appended 2,6,45873979 to equalruns.csv
appended 3,6,53155957 to equalruns.csv
appended 4,6,61290945 to equalruns.csv
appended 5,6,67155033 to equalruns.csv
appended 1,6,38608708 to equalruns.csv
appended 2,6,46176073 to equalruns.csv
appended 3,6,52696170 to equalruns.csv
appended 4,6,59626450 to equalruns.csv
appended 5,6,67808926 to equalruns.csv
appended 1,6,38639075 to equalruns.csv
appended 2,6,46043392 to equalruns.csv
appended 3,6,52302193 to equalruns.csv
appended 4,6,60452655 to equalruns.csv
appended 5,6,67498197 to equalruns.csv
appended 1,6,38623714 to equalruns.csv
appended 2,6,45506288 to equalruns.csv
appended 3,6,53133163 to equalruns.csv
appended 4,6,60111570 to equalruns.csv
appended 5,6,66986559 to equalruns.csv
appended 1,6,38529455 to equalruns.csv
appended 2,6,46035822 to equalruns.csv
appended 3,6,52894869 to equalruns.csv
appended 4,6,59901499 to equalruns.csv
appended 5,6,67560851 to equalruns.csv
appended 1,6,38966192 to equalruns.csv
appended 2,6,46043146 to equalruns.csv
appended 3,6,52817172 to equalruns.csv
appended 4,6,59836463 to equalruns.csv
appended 5,6,66947592 to equalruns.csv
appended 1,6,38588265 to equalruns.csv
appended 2,6,46336552 to equalruns.csv
appended 3,6,52917267 to equalruns.csv
appended 4,6,59366891 to equalruns.csv
appended 5,6,67016932 to equalruns.csv
appended 1,6,38552859 to equalruns.csv
appended 2,6,45798446 to equalruns.csv
appended 3,6,52592924 to equalruns.csv
appended 4,6,60906248 to equalruns.csv
appended 5,6,66827136 to equalruns.csv
appended 1,6,38526707 to equalruns.csv
appended 2,6,45738880 to equalruns.csv
appended 3,6,52876644 to equalruns.csv
appended 4,6,60226160 to equalruns.csv
appended 5,6,66859584 to equalruns.csv
appended 1,6,38571607 to equalruns.csv
appended 2,6,45768001 to equalruns.csv
appended 3,6,53097126 to equalruns.csv
appended 4,6,59216531 to equalruns.csv
appended 5,6,67059894 to equalruns.csv
appended 1,6,38685997 to equalruns.csv
appended 2,6,46036221 to equalruns.csv
appended 3,6,52365461 to equalruns.csv
appended 4,6,60066137 to equalruns.csv
appended 5,6,67352812 to equalruns.csv
appended 1,6,38495005 to equalruns.csv
appended 2,6,46023371 to equalruns.csv
appended 3,6,53146471 to equalruns.csv
appended 4,6,60250205 to equalruns.csv
appended 5,6,66787533 to equalruns.csv
appended 1,6,38825363 to equalruns.csv
appended 2,6,46228127 to equalruns.csv
appended 3,6,52466830 to equalruns.csv
appended 4,6,59641810 to equalruns.csv
appended 5,6,67278440 to equalruns.csv
appended 1,6,38340943 to equalruns.csv
appended 2,6,45953475 to equalruns.csv
appended 3,6,52935037 to equalruns.csv
appended 4,6,59373042 to equalruns.csv
appended 5,6,67224244 to equalruns.csv
appended 1,6,38518670 to equalruns.csv
appended 2,6,45746532 to equalruns.csv
appended 3,6,52821987 to equalruns.csv
appended 4,6,60179423 to equalruns.csv
appended 5,6,68170900 to equalruns.csv
appended 1,6,38666790 to equalruns.csv
appended 2,6,45848622 to equalruns.csv
appended 3,6,52775760 to equalruns.csv
appended 4,6,59921247 to equalruns.csv
appended 5,6,66795904 to equalruns.csv
appended 1,6,38575635 to equalruns.csv
appended 2,6,45841342 to equalruns.csv
appended 3,6,53367206 to equalruns.csv
appended 4,6,60197514 to equalruns.csv
appended 5,6,67815193 to equalruns.csv
appended 1,6,38456153 to equalruns.csv
appended 2,6,46186475 to equalruns.csv
appended 3,6,52734792 to equalruns.csv
appended 4,6,59907059 to equalruns.csv
appended 5,6,67176272 to equalruns.csv
appended 1,6,38620093 to equalruns.csv
appended 2,6,45481556 to equalruns.csv
appended 3,6,52947558 to equalruns.csv
appended 4,6,59689116 to equalruns.csv
appended 5,6,66861388 to equalruns.csv
appended 1,6,38622168 to equalruns.csv
appended 2,6,45643428 to equalruns.csv
appended 3,6,52340244 to equalruns.csv
appended 4,6,59655950 to equalruns.csv
appended 5,6,67799627 to equalruns.csv
appended 1,6,38785832 to equalruns.csv
appended 2,6,45973424 to equalruns.csv
appended 3,6,53289553 to equalruns.csv
appended 4,6,59530423 to equalruns.csv
appended 5,6,66969630 to equalruns.csv
appended 1,6,40544414 to equalruns.csv
appended 2,6,46263156 to equalruns.csv
appended 3,6,53354876 to equalruns.csv
appended 4,6,60014873 to equalruns.csv
appended 5,6,66723456 to equalruns.csv
appended 1,6,38559310 to equalruns.csv
appended 2,6,45998675 to equalruns.csv
appended 3,6,53254066 to equalruns.csv
appended 4,6,59747732 to equalruns.csv
appended 5,6,66841417 to equalruns.csv
appended 1,6,38801456 to equalruns.csv
appended 2,6,45751865 to equalruns.csv
appended 3,6,52709127 to equalruns.csv
appended 4,6,60130651 to equalruns.csv
appended 5,6,67353298 to equalruns.csv
appended 1,6,38601714 to equalruns.csv
appended 2,6,45796728 to equalruns.csv
appended 3,6,52933478 to equalruns.csv
appended 4,6,60488559 to equalruns.csv
appended 5,6,66607096 to equalruns.csv
appended 1,6,38829430 to equalruns.csv
appended 2,6,46196604 to equalruns.csv
appended 3,6,52957304 to equalruns.csv
appended 4,6,59877694 to equalruns.csv
appended 5,6,66807372 to equalruns.csv
appended 1,6,38744794 to equalruns.csv
appended 2,6,46223256 to equalruns.csv
appended 3,6,52480564 to equalruns.csv
appended 4,6,59787844 to equalruns.csv
appended 5,6,67046198 to equalruns.csv
appended 1,6,38469992 to equalruns.csv
appended 2,6,45687398 to equalruns.csv
appended 3,6,53133750 to equalruns.csv
appended 4,6,60030078 to equalruns.csv
appended 5,6,67232530 to equalruns.csv
appended 1,6,38664531 to equalruns.csv
appended 2,6,46142802 to equalruns.csv
appended 3,6,52876692 to equalruns.csv
appended 4,6,59469269 to equalruns.csv
appended 5,6,67130250 to equalruns.csv
appended 1,6,38491915 to equalruns.csv
appended 2,6,45882021 to equalruns.csv
appended 3,6,52849252 to equalruns.csv
appended 4,6,60045411 to equalruns.csv
appended 5,6,67964144 to equalruns.csv
appended 1,6,38762709 to equalruns.csv
appended 2,6,45955625 to equalruns.csv
appended 3,6,52616171 to equalruns.csv
appended 4,6,59729938 to equalruns.csv
appended 5,6,67007522 to equalruns.csv
appended 1,6,38880796 to equalruns.csv
appended 2,6,46029297 to equalruns.csv
appended 3,6,53379919 to equalruns.csv
appended 4,6,60258217 to equalruns.csv
appended 5,6,66977108 to equalruns.csv
appended 1,6,38486988 to equalruns.csv
appended 2,6,45857862 to equalruns.csv
appended 3,6,52612998 to equalruns.csv
appended 4,6,60274234 to equalruns.csv
appended 5,6,67473393 to equalruns.csv
appended 1,6,38749320 to equalruns.csv
appended 2,6,46251607 to equalruns.csv
appended 3,6,53215141 to equalruns.csv
appended 4,6,59451863 to equalruns.csv
appended 5,6,66891872 to equalruns.csv
appended 1,6,38702974 to equalruns.csv
appended 2,6,45602508 to equalruns.csv
appended 3,6,52421246 to equalruns.csv
appended 4,6,60582122 to equalruns.csv
appended 5,6,66831745 to equalruns.csv
appended 1,6,38425276 to equalruns.csv
appended 2,6,46114405 to equalruns.csv
appended 3,6,53162521 to equalruns.csv
appended 4,6,60792486 to equalruns.csv
appended 5,6,67121115 to equalruns.csv
appended 1,6,38791374 to equalruns.csv
appended 2,6,46045444 to equalruns.csv
appended 3,6,52537785 to equalruns.csv
appended 4,6,60195352 to equalruns.csv
appended 5,6,66743721 to equalruns.csv
appended 1,6,38744343 to equalruns.csv
appended 2,6,45832118 to equalruns.csv
appended 3,6,52507629 to equalruns.csv
appended 4,6,59925087 to equalruns.csv
appended 5,6,66908109 to equalruns.csv
appended 1,6,38781097 to equalruns.csv
appended 2,6,46218903 to equalruns.csv
appended 3,6,52509139 to equalruns.csv
appended 4,6,59943254 to equalruns.csv
appended 5,6,67302024 to equalruns.csv
appended 1,6,38636687 to equalruns.csv
appended 2,6,46006590 to equalruns.csv
appended 3,6,52737629 to equalruns.csv
appended 4,6,59899002 to equalruns.csv
appended 5,6,66343462 to equalruns.csv
appended 1,6,38493498 to equalruns.csv
appended 2,6,45853572 to equalruns.csv
appended 3,6,52542587 to equalruns.csv
appended 4,6,60096075 to equalruns.csv
appended 5,6,66792919 to equalruns.csv
appended 1,6,38556240 to equalruns.csv
appended 2,6,45656853 to equalruns.csv
appended 3,6,53575607 to equalruns.csv
appended 4,6,62150389 to equalruns.csv
appended 5,6,67385142 to equalruns.csv
appended 1,6,38660239 to equalruns.csv
appended 2,6,45702326 to equalruns.csv
appended 3,6,52806037 to equalruns.csv
appended 4,6,59815328 to equalruns.csv
appended 5,6,67355296 to equalruns.csv
appended 1,6,38751262 to equalruns.csv
appended 2,6,46182819 to equalruns.csv
appended 3,6,52636531 to equalruns.csv
appended 4,6,59809356 to equalruns.csv
appended 5,6,67421177 to equalruns.csv
appended 1,6,38575655 to equalruns.csv
appended 2,6,45832270 to equalruns.csv
appended 3,6,52952187 to equalruns.csv
appended 4,6,61007773 to equalruns.csv
appended 5,6,66896578 to equalruns.csv
appended 1,6,38655109 to equalruns.csv
appended 2,6,45565873 to equalruns.csv
appended 3,6,52538666 to equalruns.csv
appended 4,6,59964859 to equalruns.csv
appended 5,6,67730306 to equalruns.csv
appended 1,6,38703845 to equalruns.csv
appended 2,6,45815460 to equalruns.csv
appended 3,6,52714087 to equalruns.csv
appended 4,6,60615956 to equalruns.csv
appended 5,6,67084023 to equalruns.csv
appended 1,6,38851089 to equalruns.csv
appended 2,6,45917616 to equalruns.csv
appended 3,6,53328257 to equalruns.csv
appended 4,6,59958424 to equalruns.csv
appended 5,6,67604437 to equalruns.csv
appended 1,6,38602350 to equalruns.csv
appended 2,6,45934892 to equalruns.csv
appended 3,6,53069596 to equalruns.csv
appended 4,6,60052766 to equalruns.csv
appended 5,6,67476370 to equalruns.csv
appended 1,6,38798459 to equalruns.csv
appended 2,6,46107584 to equalruns.csv
appended 3,6,53372751 to equalruns.csv
appended 4,6,59506838 to equalruns.csv
appended 5,6,67320991 to equalruns.csv
appended 1,6,38470643 to equalruns.csv
appended 2,6,46301130 to equalruns.csv
appended 3,6,52588639 to equalruns.csv
appended 4,6,59259916 to equalruns.csv
appended 5,6,66843067 to equalruns.csv
appended 1,6,38804315 to equalruns.csv
appended 2,6,46692243 to equalruns.csv
appended 3,6,52469370 to equalruns.csv
appended 4,6,60003175 to equalruns.csv
appended 5,6,67435904 to equalruns.csv
appended 1,6,38586429 to equalruns.csv
appended 2,6,46162502 to equalruns.csv
appended 3,6,53023605 to equalruns.csv
appended 4,6,60366443 to equalruns.csv
appended 5,6,66503279 to equalruns.csv
appended 1,6,38861415 to equalruns.csv
appended 2,6,45889175 to equalruns.csv
appended 3,6,52748928 to equalruns.csv
appended 4,6,60022277 to equalruns.csv
appended 5,6,67542036 to equalruns.csv
appended 1,6,38583065 to equalruns.csv
appended 2,6,46010408 to equalruns.csv
appended 3,6,52723485 to equalruns.csv
appended 4,6,60208264 to equalruns.csv
appended 5,6,67286346 to equalruns.csv
appended 1,6,38730933 to equalruns.csv
appended 2,6,45990255 to equalruns.csv
appended 3,6,52698459 to equalruns.csv
appended 4,6,60203914 to equalruns.csv
appended 5,6,67921473 to equalruns.csv
appended 1,6,38455538 to equalruns.csv
appended 2,6,45863856 to equalruns.csv
appended 3,6,52770644 to equalruns.csv
appended 4,6,59790307 to equalruns.csv
appended 5,6,67109668 to equalruns.csv
appended 1,6,38883243 to equalruns.csv
appended 2,6,46296054 to equalruns.csv
appended 3,6,53631734 to equalruns.csv
appended 4,6,59609019 to equalruns.csv
appended 5,6,67642621 to equalruns.csv
appended 1,6,38655436 to equalruns.csv
appended 2,6,46134740 to equalruns.csv
appended 3,6,53577039 to equalruns.csv
appended 4,6,60356899 to equalruns.csv
appended 5,6,67177044 to equalruns.csv
appended 1,6,38607331 to equalruns.csv
appended 2,6,45797929 to equalruns.csv
appended 3,6,52353374 to equalruns.csv
appended 4,6,59852924 to equalruns.csv
appended 5,6,66973803 to equalruns.csv
appended 1,6,38712085 to equalruns.csv
appended 2,6,46148337 to equalruns.csv
appended 3,6,53125256 to equalruns.csv
appended 4,6,60268520 to equalruns.csv
appended 5,6,67378308 to equalruns.csv
appended 1,6,38795242 to equalruns.csv
appended 2,6,46347917 to equalruns.csv
appended 3,6,52551890 to equalruns.csv
appended 4,6,60026749 to equalruns.csv
appended 5,6,68722395 to equalruns.csv
appended 1,6,38926004 to equalruns.csv
appended 2,6,46437065 to equalruns.csv
appended 3,6,52660403 to equalruns.csv
appended 4,6,60633461 to equalruns.csv
appended 5,6,67028041 to equalruns.csv
appended 1,6,38513963 to equalruns.csv
appended 2,6,46133052 to equalruns.csv
appended 3,6,53343126 to equalruns.csv
appended 4,6,60489326 to equalruns.csv
appended 5,6,67450253 to equalruns.csv
appended 1,6,38851322 to equalruns.csv
appended 2,6,46119566 to equalruns.csv
appended 3,6,53022142 to equalruns.csv
appended 4,6,60078143 to equalruns.csv
appended 5,6,66963335 to equalruns.csv
appended 1,6,38730308 to equalruns.csv
appended 2,6,46209206 to equalruns.csv
appended 3,6,52397157 to equalruns.csv
appended 4,6,60568284 to equalruns.csv
appended 5,6,67098726 to equalruns.csv
appended 1,6,38859087 to equalruns.csv
appended 2,6,46200103 to equalruns.csv
appended 3,6,53000751 to equalruns.csv
appended 4,6,59345624 to equalruns.csv
appended 5,6,67279950 to equalruns.csv
appended 1,6,38686266 to equalruns.csv
appended 2,6,45961350 to equalruns.csv
appended 3,6,52960685 to equalruns.csv
appended 4,6,60443669 to equalruns.csv
appended 5,6,67880550 to equalruns.csv
appended 1,6,38825018 to equalruns.csv
appended 2,6,46189744 to equalruns.csv
appended 3,6,52950751 to equalruns.csv
appended 4,6,60710131 to equalruns.csv
appended 5,6,67157291 to equalruns.csv
appended 1,6,38785117 to equalruns.csv
appended 2,6,45966325 to equalruns.csv
appended 3,6,53131362 to equalruns.csv
appended 4,6,60393627 to equalruns.csv
appended 5,6,67282249 to equalruns.csv
appended 1,6,38679359 to equalruns.csv
appended 2,6,46118200 to equalruns.csv
appended 3,6,53454079 to equalruns.csv
appended 4,6,60164884 to equalruns.csv
appended 5,6,67225771 to equalruns.csv
appended 1,6,38627449 to equalruns.csv
appended 2,6,46000821 to equalruns.csv
appended 3,6,52648116 to equalruns.csv
appended 4,6,60834212 to equalruns.csv
appended 5,6,66824450 to equalruns.csv
appended 1,6,38731042 to equalruns.csv
appended 2,6,45450720 to equalruns.csv
appended 3,6,53028285 to equalruns.csv
appended 4,6,59445134 to equalruns.csv
appended 5,6,67295321 to equalruns.csv
appended 1,6,38604729 to equalruns.csv
appended 2,6,46197444 to equalruns.csv
appended 3,6,54529704 to equalruns.csv
appended 4,6,59801517 to equalruns.csv
appended 5,6,67395898 to equalruns.csv
appended 1,6,38740058 to equalruns.csv
appended 2,6,46051834 to equalruns.csv
appended 3,6,53118462 to equalruns.csv
appended 4,6,59906302 to equalruns.csv
appended 5,6,67050861 to equalruns.csv
appended 1,6,38637180 to equalruns.csv
appended 2,6,46118541 to equalruns.csv
appended 3,6,53175540 to equalruns.csv
appended 4,6,59476386 to equalruns.csv
appended 5,6,67524637 to equalruns.csv
appended 1,6,38699730 to equalruns.csv
appended 2,6,46103537 to equalruns.csv
appended 3,6,53487407 to equalruns.csv
appended 4,6,59942547 to equalruns.csv
appended 5,6,67491002 to equalruns.csv
appended 1,6,38687187 to equalruns.csv
appended 2,6,45752147 to equalruns.csv
appended 3,6,53446962 to equalruns.csv
appended 4,6,60244340 to equalruns.csv
appended 5,6,67925222 to equalruns.csv
appended 1,6,38897943 to equalruns.csv
appended 2,6,45797692 to equalruns.csv
appended 3,6,53211755 to equalruns.csv
appended 4,6,59697466 to equalruns.csv
appended 5,6,67219025 to equalruns.csv
appended 1,6,38758071 to equalruns.csv
appended 2,6,45641506 to equalruns.csv
appended 3,6,52810120 to equalruns.csv
appended 4,6,59507197 to equalruns.csv
appended 5,6,67306304 to equalruns.csv
appended 1,6,38596624 to equalruns.csv
appended 2,6,45771346 to equalruns.csv
appended 3,6,52331283 to equalruns.csv
appended 4,6,60528330 to equalruns.csv
appended 5,6,67274118 to equalruns.csv
appended 1,6,38980816 to equalruns.csv
appended 2,6,47001437 to equalruns.csv
appended 3,6,53091747 to equalruns.csv
appended 4,6,60221632 to equalruns.csv
appended 5,6,67223842 to equalruns.csv
appended 1,6,38919065 to equalruns.csv
appended 2,6,47532535 to equalruns.csv
appended 3,6,53087782 to equalruns.csv
appended 4,6,60482894 to equalruns.csv
appended 5,6,66760594 to equalruns.csv
appended 1,6,38464492 to equalruns.csv
appended 2,6,46046911 to equalruns.csv
appended 3,6,52582559 to equalruns.csv
appended 4,6,59737163 to equalruns.csv
appended 5,6,66625221 to equalruns.csv
appended 1,6,38704504 to equalruns.csv
appended 2,6,45879928 to equalruns.csv
appended 3,6,53066911 to equalruns.csv
appended 4,6,60130126 to equalruns.csv
appended 5,6,67482751 to equalruns.csv
appended 1,6,38448800 to equalruns.csv
appended 2,6,46004697 to equalruns.csv
appended 3,6,52972723 to equalruns.csv
appended 4,6,59988450 to equalruns.csv
appended 5,6,67102148 to equalruns.csv
appended 1,6,38856886 to equalruns.csv
appended 2,6,46153017 to equalruns.csv
appended 3,6,52567436 to equalruns.csv
appended 4,6,60120833 to equalruns.csv
appended 5,6,66747251 to equalruns.csv
appended 1,6,38799027 to equalruns.csv
appended 2,6,45729545 to equalruns.csv
appended 3,6,52983230 to equalruns.csv
appended 4,6,59350811 to equalruns.csv
appended 5,6,68103769 to equalruns.csv
