appended 1,6,231264167 to allruns.csv
appended 1,1,38594023 to allruns_single.csv
appended 2,6,138075137 to allruns.csv
appended 1,2,77232160 to allruns_single.csv
appended 3,6,104721480 to allruns.csv
appended 1,3,115294363 to allruns_single.csv
appended 4,6,104392450 to allruns.csv
appended 1,4,153451988 to allruns_single.csv
appended 5,6,103898850 to allruns.csv
appended 1,5,192240179 to allruns_single.csv
appended 6,6,75442401 to allruns.csv
appended 1,6,230292641 to allruns_single.csv
appended 1,6,229961716 to allruns.csv
appended 1,1,38286000 to allruns_single.csv
appended 2,6,136516118 to allruns.csv
appended 1,2,76783356 to allruns_single.csv
appended 3,6,104189461 to allruns.csv
appended 1,3,114622021 to allruns_single.csv
appended 4,6,104543480 to allruns.csv
appended 1,4,153310106 to allruns_single.csv
appended 5,6,104244517 to allruns.csv
appended 1,5,192564146 to allruns_single.csv
appended 6,6,73517499 to allruns.csv
appended 1,6,230179851 to allruns_single.csv
appended 1,6,230648489 to allruns.csv
appended 1,1,38188935 to allruns_single.csv
appended 2,6,137661974 to allruns.csv
appended 1,2,76536973 to allruns_single.csv
appended 3,6,104463063 to allruns.csv
appended 1,3,115232586 to allruns_single.csv
appended 4,6,104677572 to allruns.csv
appended 1,4,153427067 to allruns_single.csv
appended 5,6,103497906 to allruns.csv
appended 1,5,191692585 to allruns_single.csv
appended 6,6,73650335 to allruns.csv
appended 1,6,230353609 to allruns_single.csv
appended 1,6,230301994 to allruns.csv
appended 1,1,38084867 to allruns_single.csv
appended 2,6,137719074 to allruns.csv
appended 1,2,76369298 to allruns_single.csv
appended 3,6,104728909 to allruns.csv
appended 1,3,115205574 to allruns_single.csv
appended 4,6,104488637 to allruns.csv
appended 1,4,153374825 to allruns_single.csv
appended 5,6,104571074 to allruns.csv
appended 1,5,191560769 to allruns_single.csv
appended 6,6,72950677 to allruns.csv
appended 1,6,229976475 to allruns_single.csv
appended 1,6,230029925 to allruns.csv
appended 1,1,38308604 to allruns_single.csv
appended 2,6,135758317 to allruns.csv
appended 1,2,78993910 to allruns_single.csv
appended 3,6,104231065 to allruns.csv
appended 1,3,115240339 to allruns_single.csv
appended 4,6,104761327 to allruns.csv
appended 1,4,153232610 to allruns_single.csv
appended 5,6,104003610 to allruns.csv
appended 1,5,192406318 to allruns_single.csv
appended 6,6,72847311 to allruns.csv
appended 1,6,230248756 to allruns_single.csv
appended 1,6,230512133 to allruns.csv
appended 1,1,38230898 to allruns_single.csv
appended 2,6,137566247 to allruns.csv
appended 1,2,76500656 to allruns_single.csv
appended 3,6,105078670 to allruns.csv
appended 1,3,115141654 to allruns_single.csv
appended 4,6,104564785 to allruns.csv
appended 1,4,153103099 to allruns_single.csv
appended 5,6,104430421 to allruns.csv
appended 1,5,191929855 to allruns_single.csv
appended 6,6,72792065 to allruns.csv
appended 1,6,229601354 to allruns_single.csv
appended 1,6,230709044 to allruns.csv
appended 1,1,38404790 to allruns_single.csv
appended 2,6,136908787 to allruns.csv
appended 1,2,76544175 to allruns_single.csv
appended 3,6,104430730 to allruns.csv
appended 1,3,115019530 to allruns_single.csv
appended 4,6,104091946 to allruns.csv
appended 1,4,153534915 to allruns_single.csv
appended 5,6,103727422 to allruns.csv
appended 1,5,191931036 to allruns_single.csv
appended 6,6,72998193 to allruns.csv
appended 1,6,230535492 to allruns_single.csv
appended 1,6,230460193 to allruns.csv
appended 1,1,38254484 to allruns_single.csv
appended 2,6,137261782 to allruns.csv
appended 1,2,76482623 to allruns_single.csv
appended 3,6,105137912 to allruns.csv
appended 1,3,114983249 to allruns_single.csv
appended 4,6,104021566 to allruns.csv
appended 1,4,153793730 to allruns_single.csv
appended 5,6,104158882 to allruns.csv
appended 1,5,193697908 to allruns_single.csv
appended 6,6,72949613 to allruns.csv
appended 1,6,229820356 to allruns_single.csv
appended 1,6,229722262 to allruns.csv
appended 1,1,38403197 to allruns_single.csv
appended 2,6,137711423 to allruns.csv
appended 1,2,76923754 to allruns_single.csv
appended 3,6,104220767 to allruns.csv
appended 1,3,114770989 to allruns_single.csv
appended 4,6,103751258 to allruns.csv
appended 1,4,153383498 to allruns_single.csv
appended 5,6,104453609 to allruns.csv
appended 1,5,192208672 to allruns_single.csv
appended 6,6,73531751 to allruns.csv
appended 1,6,230186076 to allruns_single.csv
appended 1,6,230556923 to allruns.csv
appended 1,1,38344862 to allruns_single.csv
appended 2,6,137167659 to allruns.csv
appended 1,2,76509467 to allruns_single.csv
appended 3,6,103936892 to allruns.csv
appended 1,3,115114403 to allruns_single.csv
appended 4,6,104333436 to allruns.csv
appended 1,4,153684342 to allruns_single.csv
appended 5,6,103681755 to allruns.csv
appended 1,5,192059035 to allruns_single.csv
appended 6,6,73060330 to allruns.csv
appended 1,6,230363007 to allruns_single.csv
appended 1,6,230366916 to allruns.csv
appended 1,1,38122285 to allruns_single.csv
appended 2,6,136982426 to allruns.csv
appended 1,2,76572796 to allruns_single.csv
appended 3,6,103885057 to allruns.csv
appended 1,3,115032356 to allruns_single.csv
appended 4,6,104344614 to allruns.csv
appended 1,4,153780574 to allruns_single.csv
appended 5,6,104680172 to allruns.csv
appended 1,5,191818969 to allruns_single.csv
appended 6,6,73044969 to allruns.csv
appended 1,6,229777775 to allruns_single.csv
appended 1,6,229699339 to allruns.csv
appended 1,1,38190763 to allruns_single.csv
appended 2,6,139871799 to allruns.csv
appended 1,2,76639960 to allruns_single.csv
appended 3,6,104366171 to allruns.csv
appended 1,3,115507860 to allruns_single.csv
appended 4,6,104477481 to allruns.csv
appended 1,4,153308702 to allruns_single.csv
appended 5,6,104519872 to allruns.csv
appended 1,5,191993410 to allruns_single.csv
appended 6,6,73801755 to allruns.csv
appended 1,6,230371740 to allruns_single.csv
appended 1,6,230388220 to allruns.csv
appended 1,1,38218529 to allruns_single.csv
appended 2,6,137187177 to allruns.csv
appended 1,2,76671552 to allruns_single.csv
appended 3,6,104266046 to allruns.csv
appended 1,3,115268317 to allruns_single.csv
appended 4,6,104957148 to allruns.csv
appended 1,4,153601813 to allruns_single.csv
appended 5,6,103823561 to allruns.csv
appended 1,5,191901553 to allruns_single.csv
appended 6,6,73699171 to allruns.csv
appended 1,6,230191944 to allruns_single.csv
appended 1,6,230320269 to allruns.csv
appended 1,1,38531492 to allruns_single.csv
appended 2,6,137535841 to allruns.csv
appended 1,2,76613378 to allruns_single.csv
appended 3,6,104618391 to allruns.csv
appended 1,3,115302178 to allruns_single.csv
appended 4,6,104393126 to allruns.csv
appended 1,4,153668599 to allruns_single.csv
appended 5,6,104219311 to allruns.csv
appended 1,5,191905338 to allruns_single.csv
appended 6,6,72856287 to allruns.csv
appended 1,6,230059799 to allruns_single.csv
appended 1,6,230488130 to allruns.csv
appended 1,1,38260727 to allruns_single.csv
appended 2,6,136700548 to allruns.csv
appended 1,2,76919510 to allruns_single.csv
appended 3,6,104110308 to allruns.csv
appended 1,3,115354439 to allruns_single.csv
appended 4,6,105056300 to allruns.csv
appended 1,4,153426493 to allruns_single.csv
appended 5,6,106371363 to allruns.csv
appended 1,5,191778548 to allruns_single.csv
appended 6,6,73190472 to allruns.csv
appended 1,6,230244054 to allruns_single.csv
appended 1,6,230825612 to allruns.csv
appended 1,1,38617759 to allruns_single.csv
appended 2,6,137283070 to allruns.csv
appended 1,2,76530057 to allruns_single.csv
appended 3,6,104015862 to allruns.csv
appended 1,3,115035460 to allruns_single.csv
appended 4,6,104311374 to allruns.csv
appended 1,4,153334509 to allruns_single.csv
appended 5,6,103867636 to allruns.csv
appended 1,5,192118669 to allruns_single.csv
appended 6,6,73762281 to allruns.csv
appended 1,6,230939606 to allruns_single.csv
appended 1,6,229937669 to allruns.csv
appended 1,1,38322902 to allruns_single.csv
appended 2,6,137472315 to allruns.csv
appended 1,2,76567984 to allruns_single.csv
appended 3,6,104805311 to allruns.csv
appended 1,3,115333888 to allruns_single.csv
appended 4,6,104692376 to allruns.csv
appended 1,4,153372611 to allruns_single.csv
appended 5,6,105128405 to allruns.csv
appended 1,5,192107720 to allruns_single.csv
appended 6,6,72552121 to allruns.csv
appended 1,6,230221040 to allruns_single.csv
appended 1,6,230304968 to allruns.csv
appended 1,1,38409065 to allruns_single.csv
appended 2,6,137526032 to allruns.csv
appended 1,2,76601335 to allruns_single.csv
appended 3,6,104835895 to allruns.csv
appended 1,3,115161240 to allruns_single.csv
appended 4,6,103866173 to allruns.csv
appended 1,4,153907152 to allruns_single.csv
appended 5,6,104516420 to allruns.csv
appended 1,5,192042203 to allruns_single.csv
appended 6,6,73016224 to allruns.csv
appended 1,6,230085856 to allruns_single.csv
appended 1,6,232536249 to allruns.csv
appended 1,1,38591087 to allruns_single.csv
appended 2,6,137180220 to allruns.csv
appended 1,2,76768771 to allruns_single.csv
appended 3,6,104279275 to allruns.csv
appended 1,3,115336169 to allruns_single.csv
appended 4,6,104713733 to allruns.csv
appended 1,4,153571776 to allruns_single.csv
appended 5,6,104194406 to allruns.csv
appended 1,5,192321983 to allruns_single.csv
appended 6,6,72752382 to allruns.csv
appended 1,6,230095038 to allruns_single.csv
appended 1,6,230860001 to allruns.csv
appended 1,1,38704795 to allruns_single.csv
appended 2,6,136004829 to allruns.csv
appended 1,2,76873471 to allruns_single.csv
appended 3,6,104822013 to allruns.csv
appended 1,3,115469358 to allruns_single.csv
appended 4,6,81132219 to allruns.csv
appended 1,4,153763510 to allruns_single.csv
appended 5,6,103827026 to allruns.csv
appended 1,5,192456028 to allruns_single.csv
appended 6,6,72930576 to allruns.csv
appended 1,6,230722251 to allruns_single.csv
appended 1,6,230554863 to allruns.csv
appended 1,1,38375495 to allruns_single.csv
appended 2,6,137610385 to allruns.csv
appended 1,2,76493535 to allruns_single.csv
appended 3,6,104145023 to allruns.csv
appended 1,3,115335581 to allruns_single.csv
appended 4,6,104156499 to allruns.csv
appended 1,4,153482410 to allruns_single.csv
appended 5,6,104256441 to allruns.csv
appended 1,5,191406151 to allruns_single.csv
appended 6,6,73011567 to allruns.csv
appended 1,6,230323199 to allruns_single.csv
appended 1,6,230920170 to allruns.csv
appended 1,1,38306436 to allruns_single.csv
appended 2,6,136926821 to allruns.csv
appended 1,2,77022843 to allruns_single.csv
appended 3,6,103316769 to allruns.csv
appended 1,3,115166002 to allruns_single.csv
appended 4,6,103958045 to allruns.csv
appended 1,4,156163802 to allruns_single.csv
appended 5,6,104307990 to allruns.csv
appended 1,5,192279973 to allruns_single.csv
appended 6,6,73262469 to allruns.csv
appended 1,6,230278868 to allruns_single.csv
appended 1,6,230203662 to allruns.csv
appended 1,1,38377510 to allruns_single.csv
appended 2,6,136512015 to allruns.csv
appended 1,2,76952835 to allruns_single.csv
appended 3,6,103466499 to allruns.csv
appended 1,3,115224504 to allruns_single.csv
appended 4,6,104178291 to allruns.csv
appended 1,4,153927084 to allruns_single.csv
appended 5,6,104314494 to allruns.csv
appended 1,5,192007861 to allruns_single.csv
appended 6,6,73314782 to allruns.csv
appended 1,6,230439454 to allruns_single.csv
appended 1,6,229910080 to allruns.csv
appended 1,1,38442086 to allruns_single.csv
appended 2,6,137624106 to allruns.csv
appended 1,2,76781473 to allruns_single.csv
appended 3,6,103771687 to allruns.csv
appended 1,3,115063346 to allruns_single.csv
appended 4,6,105300930 to allruns.csv
appended 1,4,153246777 to allruns_single.csv
appended 5,6,104036120 to allruns.csv
appended 1,5,191704565 to allruns_single.csv
appended 6,6,73415285 to allruns.csv
appended 1,6,230365842 to allruns_single.csv
appended 1,6,230035864 to allruns.csv
appended 1,1,38441219 to allruns_single.csv
appended 2,6,137264060 to allruns.csv
appended 1,2,77028536 to allruns_single.csv
appended 3,6,103892450 to allruns.csv
appended 1,3,115438394 to allruns_single.csv
appended 4,6,104780498 to allruns.csv
appended 1,4,153859961 to allruns_single.csv
appended 5,6,103798113 to allruns.csv
appended 1,5,192023216 to allruns_single.csv
appended 6,6,73622773 to allruns.csv
appended 1,6,230507511 to allruns_single.csv
appended 1,6,232816165 to allruns.csv
appended 1,1,38478516 to allruns_single.csv
appended 2,6,137855115 to allruns.csv
appended 1,2,76911930 to allruns_single.csv
appended 3,6,104160741 to allruns.csv
appended 1,3,115167118 to allruns_single.csv
appended 4,6,104638760 to allruns.csv
appended 1,4,153669356 to allruns_single.csv
appended 5,6,103819102 to allruns.csv
appended 1,5,192026079 to allruns_single.csv
appended 6,6,72758196 to allruns.csv
appended 1,6,231344241 to allruns_single.csv
appended 1,6,230607583 to allruns.csv
appended 1,1,38482342 to allruns_single.csv
appended 2,6,137151334 to allruns.csv
appended 1,2,76641284 to allruns_single.csv
appended 3,6,104237538 to allruns.csv
appended 1,3,115448346 to allruns_single.csv
appended 4,6,105033407 to allruns.csv
appended 1,4,153557174 to allruns_single.csv
appended 5,6,103843371 to allruns.csv
appended 1,5,192351552 to allruns_single.csv
appended 6,6,73660378 to allruns.csv
appended 1,6,230778758 to allruns_single.csv
appended 1,6,230537350 to allruns.csv
appended 1,1,38266606 to allruns_single.csv
appended 2,6,137234210 to allruns.csv
appended 1,2,77072833 to allruns_single.csv
appended 3,6,103777768 to allruns.csv
appended 1,3,115019674 to allruns_single.csv
appended 4,6,104433021 to allruns.csv
appended 1,4,153682076 to allruns_single.csv
appended 5,6,103922144 to allruns.csv
appended 1,5,192462322 to allruns_single.csv
appended 6,6,73327156 to allruns.csv
appended 1,6,230456303 to allruns_single.csv
appended 1,6,230693992 to allruns.csv
appended 1,1,38376876 to allruns_single.csv
appended 2,6,137665628 to allruns.csv
appended 1,2,77095413 to allruns_single.csv
appended 3,6,104170433 to allruns.csv
appended 1,3,115518243 to allruns_single.csv
appended 4,6,106101390 to allruns.csv
appended 1,4,154733619 to allruns_single.csv
appended 5,6,104531935 to allruns.csv
appended 1,5,192469672 to allruns_single.csv
appended 6,6,73042173 to allruns.csv
appended 1,6,230642959 to allruns_single.csv
appended 1,6,230740500 to allruns.csv
appended 1,1,38503993 to allruns_single.csv
appended 2,6,137447636 to allruns.csv
appended 1,2,76993164 to allruns_single.csv
appended 3,6,104434219 to allruns.csv
appended 1,3,115508668 to allruns_single.csv
appended 4,6,103789019 to allruns.csv
appended 1,4,153960327 to allruns_single.csv
appended 5,6,103772531 to allruns.csv
appended 1,5,192375354 to allruns_single.csv
appended 6,6,72766849 to allruns.csv
appended 1,6,230560953 to allruns_single.csv
appended 1,6,230305969 to allruns.csv
appended 1,1,38518940 to allruns_single.csv
appended 2,6,137420194 to allruns.csv
appended 1,2,76837960 to allruns_single.csv
appended 3,6,104667638 to allruns.csv
appended 1,3,115249094 to allruns_single.csv
appended 4,6,105035020 to allruns.csv
appended 1,4,153794247 to allruns_single.csv
appended 5,6,103741924 to allruns.csv
appended 1,5,191962316 to allruns_single.csv
appended 6,6,73178086 to allruns.csv
appended 1,6,232725880 to allruns_single.csv
appended 1,6,238387853 to allruns.csv
appended 1,1,38949675 to allruns_single.csv
appended 2,6,139138287 to allruns.csv
appended 1,2,79565697 to allruns_single.csv
appended 3,6,107519468 to allruns.csv
appended 1,3,119639696 to allruns_single.csv
appended 4,6,106740144 to allruns.csv
appended 1,4,155084217 to allruns_single.csv
appended 5,6,104958062 to allruns.csv
appended 1,5,193089416 to allruns_single.csv
appended 6,6,73321555 to allruns.csv
appended 1,6,234034306 to allruns_single.csv
appended 1,6,234189905 to allruns.csv
appended 1,1,38931489 to allruns_single.csv
appended 2,6,138028898 to allruns.csv
appended 1,2,77625673 to allruns_single.csv
appended 3,6,105341080 to allruns.csv
appended 1,3,115915083 to allruns_single.csv
appended 4,6,105418163 to allruns.csv
appended 1,4,155028364 to allruns_single.csv
appended 5,6,105780901 to allruns.csv
appended 1,5,193673185 to allruns_single.csv
appended 6,6,74525545 to allruns.csv
appended 1,6,232879176 to allruns_single.csv
appended 1,6,232733701 to allruns.csv
appended 1,1,38676718 to allruns_single.csv
appended 2,6,137644449 to allruns.csv
appended 1,2,77167328 to allruns_single.csv
appended 3,6,105966846 to allruns.csv
appended 1,3,115759131 to allruns_single.csv
appended 4,6,105378488 to allruns.csv
appended 1,4,155194695 to allruns_single.csv
appended 5,6,104922054 to allruns.csv
appended 1,5,193186444 to allruns_single.csv
appended 6,6,73967211 to allruns.csv
appended 1,6,232698227 to allruns_single.csv
appended 1,6,232056923 to allruns.csv
appended 1,1,38760497 to allruns_single.csv
appended 2,6,143522401 to allruns.csv
appended 1,2,79871578 to allruns_single.csv
appended 3,6,106136512 to allruns.csv
appended 1,3,119015921 to allruns_single.csv
appended 4,6,105786603 to allruns.csv
appended 1,4,156536451 to allruns_single.csv
appended 5,6,105241195 to allruns.csv
appended 1,5,194445745 to allruns_single.csv
appended 6,6,74107938 to allruns.csv
appended 1,6,234250224 to allruns_single.csv
appended 1,6,245257432 to allruns.csv
appended 1,1,39319116 to allruns_single.csv
appended 2,6,141538909 to allruns.csv
appended 1,2,78846115 to allruns_single.csv
appended 3,6,108295563 to allruns.csv
appended 1,3,120223820 to allruns_single.csv
appended 4,6,106385972 to allruns.csv
appended 1,4,155627897 to allruns_single.csv
appended 5,6,105745564 to allruns.csv
appended 1,5,199763048 to allruns_single.csv
appended 6,6,78039131 to allruns.csv
appended 1,6,236346612 to allruns_single.csv
appended 1,6,234948397 to allruns.csv
appended 1,1,40446536 to allruns_single.csv
appended 2,6,142959063 to allruns.csv
appended 1,2,78439985 to allruns_single.csv
appended 3,6,106082906 to allruns.csv
appended 1,3,116541659 to allruns_single.csv
appended 4,6,104881433 to allruns.csv
appended 1,4,156322721 to allruns_single.csv
appended 5,6,105202708 to allruns.csv
appended 1,5,194741833 to allruns_single.csv
appended 6,6,74497840 to allruns.csv
appended 1,6,232838416 to allruns_single.csv
appended 1,6,233514899 to allruns.csv
appended 1,1,38788757 to allruns_single.csv
appended 2,6,138263429 to allruns.csv
appended 1,2,77927869 to allruns_single.csv
appended 3,6,104437754 to allruns.csv
appended 1,3,116453692 to allruns_single.csv
appended 4,6,105844962 to allruns.csv
appended 1,4,155676429 to allruns_single.csv
appended 5,6,105037581 to allruns.csv
appended 1,5,194333531 to allruns_single.csv
appended 6,6,73623555 to allruns.csv
appended 1,6,233776147 to allruns_single.csv
appended 1,6,233852819 to allruns.csv
appended 1,1,39034564 to allruns_single.csv
appended 2,6,139190807 to allruns.csv
appended 1,2,77611361 to allruns_single.csv
appended 3,6,104743488 to allruns.csv
appended 1,3,116799661 to allruns_single.csv
appended 4,6,105715236 to allruns.csv
appended 1,4,155958828 to allruns_single.csv
appended 5,6,105070748 to allruns.csv
appended 1,5,196754127 to allruns_single.csv
appended 6,6,74245814 to allruns.csv
appended 1,6,234267694 to allruns_single.csv
appended 1,6,235771112 to allruns.csv
appended 1,1,39457809 to allruns_single.csv
appended 2,6,138782594 to allruns.csv
appended 1,2,77679775 to allruns_single.csv
appended 3,6,106181761 to allruns.csv
appended 1,3,120724320 to allruns_single.csv
appended 4,6,106303454 to allruns.csv
appended 1,4,155448453 to allruns_single.csv
appended 5,6,107500298 to allruns.csv
appended 1,5,198717066 to allruns_single.csv
appended 6,6,75674556 to allruns.csv
appended 1,6,239225615 to allruns_single.csv
appended 1,6,231247680 to allruns.csv
appended 1,1,38589932 to allruns_single.csv
appended 2,6,137510411 to allruns.csv
appended 1,2,78166020 to allruns_single.csv
